<?xml version="1.0" encoding="utf-8"?><testsuites name="pytest tests"><testsuite name="pytest" errors="0" failures="0" skipped="0" tests="19" time="4.226" timestamp="2026-02-21T05:07:39.053116+00:00" hostname="agent-env-744c32ff-386e-4991-84d0-cdd1c64939f8"><testcase classname="backend.tests.test_rexagon_api.TestHealthAndBasic" name="test_api_root" time="0.173" /><testcase classname="backend.tests.test_rexagon_api.TestHealthAndBasic" name="test_stats_endpoint" time="0.112" /><testcase classname="backend.tests.test_rexagon_api.TestAuthentication" name="test_login_admin_success" time="0.387" /><testcase classname="backend.tests.test_rexagon_api.TestAuthentication" name="test_login_invalid_credentials" time="0.124" /><testcase classname="backend.tests.test_rexagon_api.TestAuthentication" name="test_get_current_user" time="0.444" /><testcase classname="backend.tests.test_rexagon_api.TestThemesAPI" name="test_get_all_themes" time="0.103" /><testcase classname="backend.tests.test_rexagon_api.TestThemesAPI" name="test_admin_create_theme" time="0.435" /><testcase classname="backend.tests.test_rexagon_api.TestReportsAPI" name="test_create_report_requires_auth" time="0.123" /><testcase classname="backend.tests.test_rexagon_api.TestReportsAPI" name="test_create_report_authenticated" time="0.469" /><testcase classname="backend.tests.test_rexagon_api.TestReportsAPI" name="test_admin_get_reports" time="0.443" /><testcase classname="backend.tests.test_rexagon_api.TestMarketAPI" name="test_get_all_market_items" time="0.102" /><testcase classname="backend.tests.test_rexagon_api.TestMarketAPI" name="test_get_market_categories" time="0.117" /><testcase classname="backend.tests.test_rexagon_api.TestMarketAPI" name="test_get_paketler_category_items" time="0.117" /><testcase classname="backend.tests.test_rexagon_api.TestAdminAPI" name="test_admin_get_users" time="0.443" /><testcase classname="backend.tests.test_rexagon_api.TestAdminAPI" name="test_non_admin_cannot_access" time="0.103" /><testcase classname="backend.tests.test_rexagon_api.TestLeaderboard" name="test_get_top_credits" time="0.095" /><testcase classname="backend.tests.test_rexagon_api.TestLeaderboard" name="test_get_latest_users" time="0.105" /><testcase classname="backend.tests.test_rexagon_api.TestNews" name="test_get_news" time="0.103" /><testcase classname="backend.tests.test_rexagon_api.TestForumAPI" name="test_get_forum_categories" time="0.113" /></testsuite></testsuites>