<?xml version="1.0" encoding="utf-8"?><testsuites name="pytest tests"><testsuite name="pytest" errors="0" failures="0" skipped="0" tests="30" time="9.049" timestamp="2026-02-21T06:12:57.285771+00:00" hostname="agent-env-744c32ff-386e-4991-84d0-cdd1c64939f8"><testcase classname="backend.tests.test_rexagon_api.TestHealthAndBasic" name="test_api_root" time="0.131" /><testcase classname="backend.tests.test_rexagon_api.TestHealthAndBasic" name="test_stats_endpoint" time="0.106" /><testcase classname="backend.tests.test_rexagon_api.TestAuthentication" name="test_login_admin_success" time="0.350" /><testcase classname="backend.tests.test_rexagon_api.TestAuthentication" name="test_login_invalid_credentials" time="0.097" /><testcase classname="backend.tests.test_rexagon_api.TestAuthentication" name="test_get_current_user" time="0.453" /><testcase classname="backend.tests.test_rexagon_api.TestThemesAPI" name="test_get_all_themes" time="0.101" /><testcase classname="backend.tests.test_rexagon_api.TestThemesAPI" name="test_admin_create_theme" time="0.412" /><testcase classname="backend.tests.test_rexagon_api.TestThemesAPI" name="test_admin_update_theme" time="0.531" /><testcase classname="backend.tests.test_rexagon_api.TestReportsAPI" name="test_create_report_requires_auth" time="0.100" /><testcase classname="backend.tests.test_rexagon_api.TestReportsAPI" name="test_create_report_authenticated" time="0.454" /><testcase classname="backend.tests.test_rexagon_api.TestReportsAPI" name="test_admin_get_reports" time="0.412" /><testcase classname="backend.tests.test_rexagon_api.TestMarketAPI" name="test_get_all_market_items" time="0.099" /><testcase classname="backend.tests.test_rexagon_api.TestMarketAPI" name="test_get_market_categories" time="0.096" /><testcase classname="backend.tests.test_rexagon_api.TestMarketAPI" name="test_get_paketler_category_items" time="0.105" /><testcase classname="backend.tests.test_rexagon_api.TestMarketAPI" name="test_admin_update_market_item" time="0.543" /><testcase classname="backend.tests.test_rexagon_api.TestAdminAPI" name="test_admin_get_users" time="0.432" /><testcase classname="backend.tests.test_rexagon_api.TestAdminAPI" name="test_non_admin_cannot_access" time="0.110" /><testcase classname="backend.tests.test_rexagon_api.TestLeaderboard" name="test_get_top_credits" time="0.093" /><testcase classname="backend.tests.test_rexagon_api.TestLeaderboard" name="test_get_latest_users" time="0.096" /><testcase classname="backend.tests.test_rexagon_api.TestLeaderboard" name="test_get_top_island_level" time="0.093" /><testcase classname="backend.tests.test_rexagon_api.TestLeaderboard" name="test_get_top_dinar" time="0.108" /><testcase classname="backend.tests.test_rexagon_api.TestNews" name="test_get_news" time="0.120" /><testcase classname="backend.tests.test_rexagon_api.TestNews" name="test_admin_update_news" time="0.562" /><testcase classname="backend.tests.test_rexagon_api.TestForumAPI" name="test_get_forum_categories" time="0.104" /><testcase classname="backend.tests.test_rexagon_api.TestUserProfileAPI" name="test_update_biography_requires_auth" time="0.107" /><testcase classname="backend.tests.test_rexagon_api.TestUserProfileAPI" name="test_update_biography_success" time="0.541" /><testcase classname="backend.tests.test_rexagon_api.TestUserProfileAPI" name="test_change_password_requires_auth" time="0.096" /><testcase classname="backend.tests.test_rexagon_api.TestUserProfileAPI" name="test_change_password_wrong_old_password" time="0.640" /><testcase classname="backend.tests.test_rexagon_api.TestUserProfileAPI" name="test_change_password_success" time="1.755" /><testcase classname="backend.tests.test_rexagon_api.TestUserProfileAPI" name="test_get_user_profile_public" time="0.101" /></testsuite></testsuites>