<?xml version="1.0" encoding="utf-8"?><testsuites name="pytest tests"><testsuite name="pytest" errors="0" failures="0" skipped="0" tests="22" time="6.014" timestamp="2026-02-21T05:42:22.996703+00:00" hostname="agent-env-744c32ff-386e-4991-84d0-cdd1c64939f8"><testcase classname="backend.tests.test_rexagon_api.TestHealthAndBasic" name="test_api_root" time="0.272" /><testcase classname="backend.tests.test_rexagon_api.TestHealthAndBasic" name="test_stats_endpoint" time="0.125" /><testcase classname="backend.tests.test_rexagon_api.TestAuthentication" name="test_login_admin_success" time="0.340" /><testcase classname="backend.tests.test_rexagon_api.TestAuthentication" name="test_login_invalid_credentials" time="0.140" /><testcase classname="backend.tests.test_rexagon_api.TestAuthentication" name="test_get_current_user" time="0.460" /><testcase classname="backend.tests.test_rexagon_api.TestThemesAPI" name="test_get_all_themes" time="0.093" /><testcase classname="backend.tests.test_rexagon_api.TestThemesAPI" name="test_admin_create_theme" time="0.474" /><testcase classname="backend.tests.test_rexagon_api.TestThemesAPI" name="test_admin_update_theme" time="0.622" /><testcase classname="backend.tests.test_rexagon_api.TestReportsAPI" name="test_create_report_requires_auth" time="0.105" /><testcase classname="backend.tests.test_rexagon_api.TestReportsAPI" name="test_create_report_authenticated" time="0.433" /><testcase classname="backend.tests.test_rexagon_api.TestReportsAPI" name="test_admin_get_reports" time="0.419" /><testcase classname="backend.tests.test_rexagon_api.TestMarketAPI" name="test_get_all_market_items" time="0.099" /><testcase classname="backend.tests.test_rexagon_api.TestMarketAPI" name="test_get_market_categories" time="0.128" /><testcase classname="backend.tests.test_rexagon_api.TestMarketAPI" name="test_get_paketler_category_items" time="0.106" /><testcase classname="backend.tests.test_rexagon_api.TestMarketAPI" name="test_admin_update_market_item" time="0.541" /><testcase classname="backend.tests.test_rexagon_api.TestAdminAPI" name="test_admin_get_users" time="0.427" /><testcase classname="backend.tests.test_rexagon_api.TestAdminAPI" name="test_non_admin_cannot_access" time="0.103" /><testcase classname="backend.tests.test_rexagon_api.TestLeaderboard" name="test_get_top_credits" time="0.094" /><testcase classname="backend.tests.test_rexagon_api.TestLeaderboard" name="test_get_latest_users" time="0.106" /><testcase classname="backend.tests.test_rexagon_api.TestNews" name="test_get_news" time="0.138" /><testcase classname="backend.tests.test_rexagon_api.TestNews" name="test_admin_update_news" time="0.581" /><testcase classname="backend.tests.test_rexagon_api.TestForumAPI" name="test_get_forum_categories" time="0.129" /></testsuite></testsuites>